{
  "stats": {
    "suites": 12,
    "tests": 41,
    "passes": 1,
    "pending": 0,
    "failures": 40,
    "start": "2021-12-09T18:13:09.006Z",
    "end": "2021-12-09T18:16:06.488Z",
    "duration": 177482,
    "testsRegistered": 41,
    "passPercent": 2.4390243902439024,
    "pendingPercent": 0,
    "other": 0,
    "hasOther": false,
    "skipped": 0,
    "hasSkipped": false
  },
  "results": [
    {
      "uuid": "c570b43b-03d3-4007-9ac6-2c8891c4a814",
      "title": "",
      "fullFile": "cypress/integration/project.spec.js",
      "file": "cypress/integration/project.spec.js",
      "beforeHooks": [],
      "afterHooks": [],
      "tests": [],
      "suites": [
        {
          "uuid": "d9ed079a-16e8-4d14-b002-e326e0fc206e",
          "title": "1 - Adicione à página o título \"Paleta de Cores\".",
          "fullFile": "",
          "file": "",
          "beforeHooks": [],
          "afterHooks": [],
          "tests": [
            {
              "title": "Verifica se contém um elemento `h1` com o id `title` com o título correto",
              "fullTitle": "1 - Adicione à página o título \"Paleta de Cores\". Verifica se contém um elemento `h1` com o id `title` com o título correto",
              "timedOut": null,
              "duration": 604,
              "state": "passed",
              "speed": "slow",
              "pass": true,
              "fail": false,
              "pending": false,
              "context": null,
              "code": "cy.get('h1#title').should('contain.text', 'Paleta de Cores');",
              "err": {},
              "uuid": "3a7aef0f-0dad-48b0-87ae-13cd1d15da8d",
              "parentUUID": "d9ed079a-16e8-4d14-b002-e326e0fc206e",
              "isHook": false,
              "skipped": false
            }
          ],
          "suites": [],
          "passes": [
            "3a7aef0f-0dad-48b0-87ae-13cd1d15da8d"
          ],
          "failures": [],
          "pending": [],
          "skipped": [],
          "duration": 604,
          "root": false,
          "rootEmpty": false,
          "_timeout": 2000
        },
        {
          "uuid": "8e9ecc6c-0719-45db-afaf-1d4959e6daf7",
          "title": "2 - Adicione à página uma paleta de quatro cores distintas.",
          "fullFile": "",
          "file": "",
          "beforeHooks": [],
          "afterHooks": [],
          "tests": [
            {
              "title": "A paleta de cores deve ser um elemento com `id` denominado `color-palette`",
              "fullTitle": "2 - Adicione à página uma paleta de quatro cores distintas. A paleta de cores deve ser um elemento com `id` denominado `color-palette`",
              "timedOut": null,
              "duration": 4446,
              "state": "failed",
              "speed": null,
              "pass": false,
              "fail": true,
              "pending": false,
              "context": null,
              "code": "cy.get('#color-palette').should('be.visible');\ncy.get('#color-palette').children('.color');",
              "err": {
                "message": "CypressError: Timed out retrying: Expected to find element: '#color-palette', but never found it.",
                "estack": "CypressError: Timed out retrying: Expected to find element: '#color-palette', but never found it.\n    at cypressErr (http://localhost:46207/__cypress/runner/cypress_runner.js:149934:9)\n    at throwErr (http://localhost:46207/__cypress/runner/cypress_runner.js:149867:11)\n    at Object.throwErrByPath (http://localhost:46207/__cypress/runner/cypress_runner.js:149915:3)\n    at retry (http://localhost:46207/__cypress/runner/cypress_runner.js:144197:19)\n    at onFailFn (http://localhost:46207/__cypress/runner/cypress_runner.js:132448:16)\n    at tryCatcher (http://localhost:46207/__cypress/runner/cypress_runner.js:167415:23)\n    at Promise._settlePromiseFromHandler (http://localhost:46207/__cypress/runner/cypress_runner.js:165351:31)\n    at Promise._settlePromise (http://localhost:46207/__cypress/runner/cypress_runner.js:165408:18)\n    at Promise._settlePromise0 (http://localhost:46207/__cypress/runner/cypress_runner.js:165453:10)\n    at Promise._settlePromises (http://localhost:46207/__cypress/runner/cypress_runner.js:165528:18)\n    at Async../node_modules/bluebird/js/release/async.js.Async._drainQueue (http://localhost:46207/__cypress/runner/cypress_runner.js:162140:16)\n    at Async../node_modules/bluebird/js/release/async.js.Async._drainQueues (http://localhost:46207/__cypress/runner/cypress_runner.js:162150:10)\n    at Async.drainQueues (http://localhost:46207/__cypress/runner/cypress_runner.js:162024:14)",
                "diff": null
              },
              "uuid": "cff97172-a486-4453-aed7-dd9e5b719e90",
              "parentUUID": "8e9ecc6c-0719-45db-afaf-1d4959e6daf7",
              "isHook": false,
              "skipped": false
            },
            {
              "title": "Verifica se cada cor individual da paleta de cores possui a `classe` chamada `color`.",
              "fullTitle": "2 - Adicione à página uma paleta de quatro cores distintas. Verifica se cada cor individual da paleta de cores possui a `classe` chamada `color`.",
              "timedOut": null,
              "duration": 4288,
              "state": "failed",
              "speed": null,
              "pass": false,
              "fail": true,
              "pending": false,
              "context": null,
              "code": "cy.get('.color').should('have.length', 4).then(function (colors) {\n  for (var i = 0; i < colors.length; i++) {\n    cy.wrap(colors[i]).should('be.visible');\n  }\n});",
              "err": {
                "message": "CypressError: Timed out retrying: Expected to find element: '.color', but never found it.",
                "estack": "CypressError: Timed out retrying: Expected to find element: '.color', but never found it.\n    at cypressErr (http://localhost:46207/__cypress/runner/cypress_runner.js:149934:9)\n    at throwErr (http://localhost:46207/__cypress/runner/cypress_runner.js:149867:11)\n    at Object.throwErrByPath (http://localhost:46207/__cypress/runner/cypress_runner.js:149915:3)\n    at retry (http://localhost:46207/__cypress/runner/cypress_runner.js:144197:19)\n    at onFailFn (http://localhost:46207/__cypress/runner/cypress_runner.js:132448:16)\n    at tryCatcher (http://localhost:46207/__cypress/runner/cypress_runner.js:167415:23)\n    at Promise._settlePromiseFromHandler (http://localhost:46207/__cypress/runner/cypress_runner.js:165351:31)\n    at Promise._settlePromise (http://localhost:46207/__cypress/runner/cypress_runner.js:165408:18)\n    at Promise._settlePromise0 (http://localhost:46207/__cypress/runner/cypress_runner.js:165453:10)\n    at Promise._settlePromises (http://localhost:46207/__cypress/runner/cypress_runner.js:165528:18)\n    at Async../node_modules/bluebird/js/release/async.js.Async._drainQueue (http://localhost:46207/__cypress/runner/cypress_runner.js:162140:16)\n    at Async../node_modules/bluebird/js/release/async.js.Async._drainQueues (http://localhost:46207/__cypress/runner/cypress_runner.js:162150:10)\n    at Async.drainQueues (http://localhost:46207/__cypress/runner/cypress_runner.js:162024:14)",
                "diff": null
              },
              "uuid": "f26ca397-f3c9-4108-93cd-d36ddc1a3e80",
              "parentUUID": "8e9ecc6c-0719-45db-afaf-1d4959e6daf7",
              "isHook": false,
              "skipped": false
            },
            {
              "title": "Verifica se a cor de fundo de cada elemento da paleta é a cor que o elemento representa. **A única cor não permitida na paleta é a cor branca.**",
              "fullTitle": "2 - Adicione à página uma paleta de quatro cores distintas. Verifica se a cor de fundo de cada elemento da paleta é a cor que o elemento representa. **A única cor não permitida na paleta é a cor branca.**",
              "timedOut": null,
              "duration": 4338,
              "state": "failed",
              "speed": null,
              "pass": false,
              "fail": true,
              "pending": false,
              "context": null,
              "code": "cy.get('.color').each(function (color) {\n  cy.wrap(color).should('have.class', 'color').and('not.have.css', 'background-color', WHITE);\n  cy.wrap(color).should('have.css', 'background-color');\n});",
              "err": {
                "message": "CypressError: Timed out retrying: Expected to find element: '.color', but never found it.",
                "estack": "CypressError: Timed out retrying: Expected to find element: '.color', but never found it.\n    at cypressErr (http://localhost:46207/__cypress/runner/cypress_runner.js:149934:9)\n    at throwErr (http://localhost:46207/__cypress/runner/cypress_runner.js:149867:11)\n    at Object.throwErrByPath (http://localhost:46207/__cypress/runner/cypress_runner.js:149915:3)\n    at retry (http://localhost:46207/__cypress/runner/cypress_runner.js:144197:19)\n    at onFailFn (http://localhost:46207/__cypress/runner/cypress_runner.js:132448:16)\n    at tryCatcher (http://localhost:46207/__cypress/runner/cypress_runner.js:167415:23)\n    at Promise._settlePromiseFromHandler (http://localhost:46207/__cypress/runner/cypress_runner.js:165351:31)\n    at Promise._settlePromise (http://localhost:46207/__cypress/runner/cypress_runner.js:165408:18)\n    at Promise._settlePromise0 (http://localhost:46207/__cypress/runner/cypress_runner.js:165453:10)\n    at Promise._settlePromises (http://localhost:46207/__cypress/runner/cypress_runner.js:165528:18)\n    at Async../node_modules/bluebird/js/release/async.js.Async._drainQueue (http://localhost:46207/__cypress/runner/cypress_runner.js:162140:16)\n    at Async../node_modules/bluebird/js/release/async.js.Async._drainQueues (http://localhost:46207/__cypress/runner/cypress_runner.js:162150:10)\n    at Async.drainQueues (http://localhost:46207/__cypress/runner/cypress_runner.js:162024:14)",
                "diff": null
              },
              "uuid": "505dbc87-ad4e-49c5-a41d-abe4467c477e",
              "parentUUID": "8e9ecc6c-0719-45db-afaf-1d4959e6daf7",
              "isHook": false,
              "skipped": false
            },
            {
              "title": "Verifica se cada elemento da paleta de cores tem uma borda preta, sólida e com 1 pixel de largura;",
              "fullTitle": "2 - Adicione à página uma paleta de quatro cores distintas. Verifica se cada elemento da paleta de cores tem uma borda preta, sólida e com 1 pixel de largura;",
              "timedOut": null,
              "duration": 4376,
              "state": "failed",
              "speed": null,
              "pass": false,
              "fail": true,
              "pending": false,
              "context": null,
              "code": "cy.get('.color').each(function (color) {\n  cy.wrap(color).and('have.css', 'border', \"1px solid \".concat(BLACK)).and('have.class', 'color');\n});",
              "err": {
                "message": "CypressError: Timed out retrying: Expected to find element: '.color', but never found it.",
                "estack": "CypressError: Timed out retrying: Expected to find element: '.color', but never found it.\n    at cypressErr (http://localhost:46207/__cypress/runner/cypress_runner.js:149934:9)\n    at throwErr (http://localhost:46207/__cypress/runner/cypress_runner.js:149867:11)\n    at Object.throwErrByPath (http://localhost:46207/__cypress/runner/cypress_runner.js:149915:3)\n    at retry (http://localhost:46207/__cypress/runner/cypress_runner.js:144197:19)\n    at onFailFn (http://localhost:46207/__cypress/runner/cypress_runner.js:132448:16)\n    at tryCatcher (http://localhost:46207/__cypress/runner/cypress_runner.js:167415:23)\n    at Promise._settlePromiseFromHandler (http://localhost:46207/__cypress/runner/cypress_runner.js:165351:31)\n    at Promise._settlePromise (http://localhost:46207/__cypress/runner/cypress_runner.js:165408:18)\n    at Promise._settlePromise0 (http://localhost:46207/__cypress/runner/cypress_runner.js:165453:10)\n    at Promise._settlePromises (http://localhost:46207/__cypress/runner/cypress_runner.js:165528:18)\n    at Async../node_modules/bluebird/js/release/async.js.Async._drainQueue (http://localhost:46207/__cypress/runner/cypress_runner.js:162140:16)\n    at Async../node_modules/bluebird/js/release/async.js.Async._drainQueues (http://localhost:46207/__cypress/runner/cypress_runner.js:162150:10)\n    at Async.drainQueues (http://localhost:46207/__cypress/runner/cypress_runner.js:162024:14)",
                "diff": null
              },
              "uuid": "9ee16aab-223d-4700-bce0-b3e333a15016",
              "parentUUID": "8e9ecc6c-0719-45db-afaf-1d4959e6daf7",
              "isHook": false,
              "skipped": false
            },
            {
              "title": "Verifica se a paleta lista todas as cores disponíveis para utilização, lado a lado.",
              "fullTitle": "2 - Adicione à página uma paleta de quatro cores distintas. Verifica se a paleta lista todas as cores disponíveis para utilização, lado a lado.",
              "timedOut": null,
              "duration": 4400,
              "state": "failed",
              "speed": null,
              "pass": false,
              "fail": true,
              "pending": false,
              "context": null,
              "code": "cy.get('.color').then(function (colors) {\n  for (var index = 1; index < colors.length; index += 1) {\n    var currentColor = colors[index];\n    var previousColor = colors[index - 1];\n    cy.wrap(currentColor).should('be.onTheRightOf', previousColor).and('be.horizontallyAlignedWith', previousColor);\n  }\n});",
              "err": {
                "message": "CypressError: Timed out retrying: Expected to find element: '.color', but never found it.",
                "estack": "CypressError: Timed out retrying: Expected to find element: '.color', but never found it.\n    at cypressErr (http://localhost:46207/__cypress/runner/cypress_runner.js:149934:9)\n    at throwErr (http://localhost:46207/__cypress/runner/cypress_runner.js:149867:11)\n    at Object.throwErrByPath (http://localhost:46207/__cypress/runner/cypress_runner.js:149915:3)\n    at retry (http://localhost:46207/__cypress/runner/cypress_runner.js:144197:19)\n    at onFailFn (http://localhost:46207/__cypress/runner/cypress_runner.js:132448:16)\n    at tryCatcher (http://localhost:46207/__cypress/runner/cypress_runner.js:167415:23)\n    at Promise._settlePromiseFromHandler (http://localhost:46207/__cypress/runner/cypress_runner.js:165351:31)\n    at Promise._settlePromise (http://localhost:46207/__cypress/runner/cypress_runner.js:165408:18)\n    at Promise._settlePromise0 (http://localhost:46207/__cypress/runner/cypress_runner.js:165453:10)\n    at Promise._settlePromises (http://localhost:46207/__cypress/runner/cypress_runner.js:165528:18)\n    at Async../node_modules/bluebird/js/release/async.js.Async._drainQueue (http://localhost:46207/__cypress/runner/cypress_runner.js:162140:16)\n    at Async../node_modules/bluebird/js/release/async.js.Async._drainQueues (http://localhost:46207/__cypress/runner/cypress_runner.js:162150:10)\n    at Async.drainQueues (http://localhost:46207/__cypress/runner/cypress_runner.js:162024:14)",
                "diff": null
              },
              "uuid": "c248ce49-b0f7-47a5-8924-9b531db4f116",
              "parentUUID": "8e9ecc6c-0719-45db-afaf-1d4959e6daf7",
              "isHook": false,
              "skipped": false
            },
            {
              "title": "Verifica se a paleta de cores está posicionada abaixo do título 'Paleta de Cores'",
              "fullTitle": "2 - Adicione à página uma paleta de quatro cores distintas. Verifica se a paleta de cores está posicionada abaixo do título 'Paleta de Cores'",
              "timedOut": null,
              "duration": 4283,
              "state": "failed",
              "speed": null,
              "pass": false,
              "fail": true,
              "pending": false,
              "context": null,
              "code": "cy.get('h1#title').then(function (title) {\n  cy.get('#color-palette').should('be.belowOf', title);\n});",
              "err": {
                "message": "CypressError: Timed out retrying: Expected to find element: '#color-palette', but never found it.",
                "estack": "CypressError: Timed out retrying: Expected to find element: '#color-palette', but never found it.\n    at cypressErr (http://localhost:46207/__cypress/runner/cypress_runner.js:149934:9)\n    at throwErr (http://localhost:46207/__cypress/runner/cypress_runner.js:149867:11)\n    at Object.throwErrByPath (http://localhost:46207/__cypress/runner/cypress_runner.js:149915:3)\n    at retry (http://localhost:46207/__cypress/runner/cypress_runner.js:144197:19)\n    at onFailFn (http://localhost:46207/__cypress/runner/cypress_runner.js:132448:16)\n    at tryCatcher (http://localhost:46207/__cypress/runner/cypress_runner.js:167415:23)\n    at Promise._settlePromiseFromHandler (http://localhost:46207/__cypress/runner/cypress_runner.js:165351:31)\n    at Promise._settlePromise (http://localhost:46207/__cypress/runner/cypress_runner.js:165408:18)\n    at Promise._settlePromise0 (http://localhost:46207/__cypress/runner/cypress_runner.js:165453:10)\n    at Promise._settlePromises (http://localhost:46207/__cypress/runner/cypress_runner.js:165528:18)\n    at Async../node_modules/bluebird/js/release/async.js.Async._drainQueue (http://localhost:46207/__cypress/runner/cypress_runner.js:162140:16)\n    at Async../node_modules/bluebird/js/release/async.js.Async._drainQueues (http://localhost:46207/__cypress/runner/cypress_runner.js:162150:10)\n    at Async.drainQueues (http://localhost:46207/__cypress/runner/cypress_runner.js:162024:14)",
                "diff": null
              },
              "uuid": "6d705699-da78-480f-830e-a1c56e747a9f",
              "parentUUID": "8e9ecc6c-0719-45db-afaf-1d4959e6daf7",
              "isHook": false,
              "skipped": false
            },
            {
              "title": "Verifica se a paleta de cores não contém cores repetidas.",
              "fullTitle": "2 - Adicione à página uma paleta de quatro cores distintas. Verifica se a paleta de cores não contém cores repetidas.",
              "timedOut": null,
              "duration": 4251,
              "state": "failed",
              "speed": null,
              "pass": false,
              "fail": true,
              "pending": false,
              "context": null,
              "code": "cy.get('.color').then(function (colors) {\n  var allColors = Array.from(colors).map(function (color) {\n    return Cypress.$(color).css('background-color');\n  });\n  cy.log(allColors);\n  var uniqColors = (0, _toConsumableArray2[\"default\"])(new Set(allColors));\n  cy.log(uniqColors);\n  expect(allColors.length).to.eq(uniqColors.length);\n});",
              "err": {
                "message": "CypressError: Timed out retrying: Expected to find element: '.color', but never found it.",
                "estack": "CypressError: Timed out retrying: Expected to find element: '.color', but never found it.\n    at cypressErr (http://localhost:46207/__cypress/runner/cypress_runner.js:149934:9)\n    at throwErr (http://localhost:46207/__cypress/runner/cypress_runner.js:149867:11)\n    at Object.throwErrByPath (http://localhost:46207/__cypress/runner/cypress_runner.js:149915:3)\n    at retry (http://localhost:46207/__cypress/runner/cypress_runner.js:144197:19)\n    at onFailFn (http://localhost:46207/__cypress/runner/cypress_runner.js:132448:16)\n    at tryCatcher (http://localhost:46207/__cypress/runner/cypress_runner.js:167415:23)\n    at Promise._settlePromiseFromHandler (http://localhost:46207/__cypress/runner/cypress_runner.js:165351:31)\n    at Promise._settlePromise (http://localhost:46207/__cypress/runner/cypress_runner.js:165408:18)\n    at Promise._settlePromise0 (http://localhost:46207/__cypress/runner/cypress_runner.js:165453:10)\n    at Promise._settlePromises (http://localhost:46207/__cypress/runner/cypress_runner.js:165528:18)\n    at Async../node_modules/bluebird/js/release/async.js.Async._drainQueue (http://localhost:46207/__cypress/runner/cypress_runner.js:162140:16)\n    at Async../node_modules/bluebird/js/release/async.js.Async._drainQueues (http://localhost:46207/__cypress/runner/cypress_runner.js:162150:10)\n    at Async.drainQueues (http://localhost:46207/__cypress/runner/cypress_runner.js:162024:14)",
                "diff": null
              },
              "uuid": "15779b21-2e37-4d71-88b4-e6def80fca34",
              "parentUUID": "8e9ecc6c-0719-45db-afaf-1d4959e6daf7",
              "isHook": false,
              "skipped": false
            }
          ],
          "suites": [],
          "passes": [],
          "failures": [
            "cff97172-a486-4453-aed7-dd9e5b719e90",
            "f26ca397-f3c9-4108-93cd-d36ddc1a3e80",
            "505dbc87-ad4e-49c5-a41d-abe4467c477e",
            "9ee16aab-223d-4700-bce0-b3e333a15016",
            "c248ce49-b0f7-47a5-8924-9b531db4f116",
            "6d705699-da78-480f-830e-a1c56e747a9f",
            "15779b21-2e37-4d71-88b4-e6def80fca34"
          ],
          "pending": [],
          "skipped": [],
          "duration": 30382,
          "root": false,
          "rootEmpty": false,
          "_timeout": 2000
        },
        {
          "uuid": "5fc4d307-f4c0-4a35-9a83-29aae58f4b89",
          "title": "3 - Adicione a cor **preta** como a primeira cor da paleta de cores.",
          "fullFile": "",
          "file": "",
          "beforeHooks": [],
          "afterHooks": [],
          "tests": [
            {
              "title": "Verifica se a primeira cor da paleta é preta",
              "fullTitle": "3 - Adicione a cor **preta** como a primeira cor da paleta de cores. Verifica se a primeira cor da paleta é preta",
              "timedOut": null,
              "duration": 4430,
              "state": "failed",
              "speed": null,
              "pass": false,
              "fail": true,
              "pending": false,
              "context": null,
              "code": "cy.get('.color').first().should('have.css', 'background-color', BLACK);",
              "err": {
                "message": "CypressError: Timed out retrying: Expected to find element: '.color', but never found it.",
                "estack": "CypressError: Timed out retrying: Expected to find element: '.color', but never found it.\n    at cypressErr (http://localhost:46207/__cypress/runner/cypress_runner.js:149934:9)\n    at throwErr (http://localhost:46207/__cypress/runner/cypress_runner.js:149867:11)\n    at Object.throwErrByPath (http://localhost:46207/__cypress/runner/cypress_runner.js:149915:3)\n    at retry (http://localhost:46207/__cypress/runner/cypress_runner.js:144197:19)\n    at onFailFn (http://localhost:46207/__cypress/runner/cypress_runner.js:132448:16)\n    at tryCatcher (http://localhost:46207/__cypress/runner/cypress_runner.js:167415:23)\n    at Promise._settlePromiseFromHandler (http://localhost:46207/__cypress/runner/cypress_runner.js:165351:31)\n    at Promise._settlePromise (http://localhost:46207/__cypress/runner/cypress_runner.js:165408:18)\n    at Promise._settlePromise0 (http://localhost:46207/__cypress/runner/cypress_runner.js:165453:10)\n    at Promise._settlePromises (http://localhost:46207/__cypress/runner/cypress_runner.js:165528:18)\n    at Async../node_modules/bluebird/js/release/async.js.Async._drainQueue (http://localhost:46207/__cypress/runner/cypress_runner.js:162140:16)\n    at Async../node_modules/bluebird/js/release/async.js.Async._drainQueues (http://localhost:46207/__cypress/runner/cypress_runner.js:162150:10)\n    at Async.drainQueues (http://localhost:46207/__cypress/runner/cypress_runner.js:162024:14)",
                "diff": null
              },
              "uuid": "e84b5d3b-f37e-48b2-b797-298d82f42524",
              "parentUUID": "5fc4d307-f4c0-4a35-9a83-29aae58f4b89",
              "isHook": false,
              "skipped": false
            },
            {
              "title": "Verifica se as demais cores podem ser escolhidas livremente.",
              "fullTitle": "3 - Adicione a cor **preta** como a primeira cor da paleta de cores. Verifica se as demais cores podem ser escolhidas livremente.",
              "timedOut": null,
              "duration": 4324,
              "state": "failed",
              "speed": null,
              "pass": false,
              "fail": true,
              "pending": false,
              "context": null,
              "code": "cy.get('.color').eq(1).should('not.have.css', 'background-color', BLACK);\ncy.get('.color').eq(1).should('not.have.css', 'background-color', WHITE);\ncy.get('.color').eq(1).should('not.have.css', 'background-color', 'rgba(0, 0, 0, 0)');\ncy.get('.color').eq(1).should('have.css', 'background-color');\ncy.get('.color').eq(2).should('not.have.css', 'background-color', BLACK);\ncy.get('.color').eq(2).should('not.have.css', 'background-color', WHITE);\ncy.get('.color').eq(2).should('not.have.css', 'background-color', 'rgba(0, 0, 0, 0)');\ncy.get('.color').eq(2).should('have.css', 'background-color');\ncy.get('.color').eq(3).should('not.have.css', 'background-color', BLACK);\ncy.get('.color').eq(3).should('not.have.css', 'background-color', WHITE);\ncy.get('.color').eq(3).should('not.have.css', 'background-color', 'rgba(0, 0, 0, 0)');\ncy.get('.color').eq(3).should('have.css', 'background-color');",
              "err": {
                "message": "CypressError: Timed out retrying: Expected to find element: '.color', but never found it.",
                "estack": "CypressError: Timed out retrying: Expected to find element: '.color', but never found it.\n    at cypressErr (http://localhost:46207/__cypress/runner/cypress_runner.js:149934:9)\n    at throwErr (http://localhost:46207/__cypress/runner/cypress_runner.js:149867:11)\n    at Object.throwErrByPath (http://localhost:46207/__cypress/runner/cypress_runner.js:149915:3)\n    at retry (http://localhost:46207/__cypress/runner/cypress_runner.js:144197:19)\n    at onFailFn (http://localhost:46207/__cypress/runner/cypress_runner.js:132448:16)\n    at tryCatcher (http://localhost:46207/__cypress/runner/cypress_runner.js:167415:23)\n    at Promise._settlePromiseFromHandler (http://localhost:46207/__cypress/runner/cypress_runner.js:165351:31)\n    at Promise._settlePromise (http://localhost:46207/__cypress/runner/cypress_runner.js:165408:18)\n    at Promise._settlePromise0 (http://localhost:46207/__cypress/runner/cypress_runner.js:165453:10)\n    at Promise._settlePromises (http://localhost:46207/__cypress/runner/cypress_runner.js:165528:18)\n    at Async../node_modules/bluebird/js/release/async.js.Async._drainQueue (http://localhost:46207/__cypress/runner/cypress_runner.js:162140:16)\n    at Async../node_modules/bluebird/js/release/async.js.Async._drainQueues (http://localhost:46207/__cypress/runner/cypress_runner.js:162150:10)\n    at Async.drainQueues (http://localhost:46207/__cypress/runner/cypress_runner.js:162024:14)",
                "diff": null
              },
              "uuid": "4914d1dd-8ade-457b-b103-198faed7e5d4",
              "parentUUID": "5fc4d307-f4c0-4a35-9a83-29aae58f4b89",
              "isHook": false,
              "skipped": false
            }
          ],
          "suites": [],
          "passes": [],
          "failures": [
            "e84b5d3b-f37e-48b2-b797-298d82f42524",
            "4914d1dd-8ade-457b-b103-198faed7e5d4"
          ],
          "pending": [],
          "skipped": [],
          "duration": 8754,
          "root": false,
          "rootEmpty": false,
          "_timeout": 2000
        },
        {
          "uuid": "46b1ef6b-5586-4525-b7f8-4dce53e7881e",
          "title": "4 - Adicione à página um quadro de pixels, com 25 pixels.",
          "fullFile": "",
          "file": "",
          "beforeHooks": [],
          "afterHooks": [],
          "tests": [
            {
              "title": "Verifica se o quadro de pixels possui o `id` denominado `pixel-board`",
              "fullTitle": "4 - Adicione à página um quadro de pixels, com 25 pixels. Verifica se o quadro de pixels possui o `id` denominado `pixel-board`",
              "timedOut": null,
              "duration": 4329,
              "state": "failed",
              "speed": null,
              "pass": false,
              "fail": true,
              "pending": false,
              "context": null,
              "code": "cy.get('#pixel-board').should('be.visible');",
              "err": {
                "message": "CypressError: Timed out retrying: Expected to find element: '#pixel-board', but never found it.",
                "estack": "CypressError: Timed out retrying: Expected to find element: '#pixel-board', but never found it.\n    at cypressErr (http://localhost:46207/__cypress/runner/cypress_runner.js:149934:9)\n    at throwErr (http://localhost:46207/__cypress/runner/cypress_runner.js:149867:11)\n    at Object.throwErrByPath (http://localhost:46207/__cypress/runner/cypress_runner.js:149915:3)\n    at retry (http://localhost:46207/__cypress/runner/cypress_runner.js:144197:19)\n    at onFailFn (http://localhost:46207/__cypress/runner/cypress_runner.js:132448:16)\n    at tryCatcher (http://localhost:46207/__cypress/runner/cypress_runner.js:167415:23)\n    at Promise._settlePromiseFromHandler (http://localhost:46207/__cypress/runner/cypress_runner.js:165351:31)\n    at Promise._settlePromise (http://localhost:46207/__cypress/runner/cypress_runner.js:165408:18)\n    at Promise._settlePromise0 (http://localhost:46207/__cypress/runner/cypress_runner.js:165453:10)\n    at Promise._settlePromises (http://localhost:46207/__cypress/runner/cypress_runner.js:165528:18)\n    at Async../node_modules/bluebird/js/release/async.js.Async._drainQueue (http://localhost:46207/__cypress/runner/cypress_runner.js:162140:16)\n    at Async../node_modules/bluebird/js/release/async.js.Async._drainQueues (http://localhost:46207/__cypress/runner/cypress_runner.js:162150:10)\n    at Async.drainQueues (http://localhost:46207/__cypress/runner/cypress_runner.js:162024:14)",
                "diff": null
              },
              "uuid": "b4b8470b-063d-4b6c-b012-505c77d2bf56",
              "parentUUID": "46b1ef6b-5586-4525-b7f8-4dce53e7881e",
              "isHook": false,
              "skipped": false
            },
            {
              "title": "Verifica se cada pixel individual dentro do quadro possui a `classe` denominada `pixel`.",
              "fullTitle": "4 - Adicione à página um quadro de pixels, com 25 pixels. Verifica se cada pixel individual dentro do quadro possui a `classe` denominada `pixel`.",
              "timedOut": null,
              "duration": 4364,
              "state": "failed",
              "speed": null,
              "pass": false,
              "fail": true,
              "pending": false,
              "context": null,
              "code": "cy.get('.pixel').should('have.length', 25);",
              "err": {
                "message": "CypressError: Timed out retrying: Expected to find element: '.pixel', but never found it.",
                "estack": "CypressError: Timed out retrying: Expected to find element: '.pixel', but never found it.\n    at cypressErr (http://localhost:46207/__cypress/runner/cypress_runner.js:149934:9)\n    at throwErr (http://localhost:46207/__cypress/runner/cypress_runner.js:149867:11)\n    at Object.throwErrByPath (http://localhost:46207/__cypress/runner/cypress_runner.js:149915:3)\n    at retry (http://localhost:46207/__cypress/runner/cypress_runner.js:144197:19)\n    at onFailFn (http://localhost:46207/__cypress/runner/cypress_runner.js:132448:16)\n    at tryCatcher (http://localhost:46207/__cypress/runner/cypress_runner.js:167415:23)\n    at Promise._settlePromiseFromHandler (http://localhost:46207/__cypress/runner/cypress_runner.js:165351:31)\n    at Promise._settlePromise (http://localhost:46207/__cypress/runner/cypress_runner.js:165408:18)\n    at Promise._settlePromise0 (http://localhost:46207/__cypress/runner/cypress_runner.js:165453:10)\n    at Promise._settlePromises (http://localhost:46207/__cypress/runner/cypress_runner.js:165528:18)\n    at Async../node_modules/bluebird/js/release/async.js.Async._drainQueue (http://localhost:46207/__cypress/runner/cypress_runner.js:162140:16)\n    at Async../node_modules/bluebird/js/release/async.js.Async._drainQueues (http://localhost:46207/__cypress/runner/cypress_runner.js:162150:10)\n    at Async.drainQueues (http://localhost:46207/__cypress/runner/cypress_runner.js:162024:14)",
                "diff": null
              },
              "uuid": "4aa3b141-af93-424c-a56a-5be4b996a716",
              "parentUUID": "46b1ef6b-5586-4525-b7f8-4dce53e7881e",
              "isHook": false,
              "skipped": false
            },
            {
              "title": "Verifica se a cor inicial dos pixels dentro do quadro, ao abrir a página, é branca.",
              "fullTitle": "4 - Adicione à página um quadro de pixels, com 25 pixels. Verifica se a cor inicial dos pixels dentro do quadro, ao abrir a página, é branca.",
              "timedOut": null,
              "duration": 4315,
              "state": "failed",
              "speed": null,
              "pass": false,
              "fail": true,
              "pending": false,
              "context": null,
              "code": "cy.get('.pixel').should('have.length', 25).each(function (pixel) {\n  expect(pixel).to.have.css('background-color', WHITE);\n});",
              "err": {
                "message": "CypressError: Timed out retrying: Expected to find element: '.pixel', but never found it.",
                "estack": "CypressError: Timed out retrying: Expected to find element: '.pixel', but never found it.\n    at cypressErr (http://localhost:46207/__cypress/runner/cypress_runner.js:149934:9)\n    at throwErr (http://localhost:46207/__cypress/runner/cypress_runner.js:149867:11)\n    at Object.throwErrByPath (http://localhost:46207/__cypress/runner/cypress_runner.js:149915:3)\n    at retry (http://localhost:46207/__cypress/runner/cypress_runner.js:144197:19)\n    at onFailFn (http://localhost:46207/__cypress/runner/cypress_runner.js:132448:16)\n    at tryCatcher (http://localhost:46207/__cypress/runner/cypress_runner.js:167415:23)\n    at Promise._settlePromiseFromHandler (http://localhost:46207/__cypress/runner/cypress_runner.js:165351:31)\n    at Promise._settlePromise (http://localhost:46207/__cypress/runner/cypress_runner.js:165408:18)\n    at Promise._settlePromise0 (http://localhost:46207/__cypress/runner/cypress_runner.js:165453:10)\n    at Promise._settlePromises (http://localhost:46207/__cypress/runner/cypress_runner.js:165528:18)\n    at Async../node_modules/bluebird/js/release/async.js.Async._drainQueue (http://localhost:46207/__cypress/runner/cypress_runner.js:162140:16)\n    at Async../node_modules/bluebird/js/release/async.js.Async._drainQueues (http://localhost:46207/__cypress/runner/cypress_runner.js:162150:10)\n    at Async.drainQueues (http://localhost:46207/__cypress/runner/cypress_runner.js:162024:14)",
                "diff": null
              },
              "uuid": "3170e206-a4c9-4702-8383-b39d861538f2",
              "parentUUID": "46b1ef6b-5586-4525-b7f8-4dce53e7881e",
              "isHook": false,
              "skipped": false
            },
            {
              "title": "Verifica se o quadro de pixels aparece abaixo da paleta de cores",
              "fullTitle": "4 - Adicione à página um quadro de pixels, com 25 pixels. Verifica se o quadro de pixels aparece abaixo da paleta de cores",
              "timedOut": null,
              "duration": 4281,
              "state": "failed",
              "speed": null,
              "pass": false,
              "fail": true,
              "pending": false,
              "context": null,
              "code": "cy.get('#color-palette').then(function (palette) {\n  cy.get('#pixel-board').should('be.belowOf', palette);\n});",
              "err": {
                "message": "CypressError: Timed out retrying: Expected to find element: '#color-palette', but never found it.",
                "estack": "CypressError: Timed out retrying: Expected to find element: '#color-palette', but never found it.\n    at cypressErr (http://localhost:46207/__cypress/runner/cypress_runner.js:149934:9)\n    at throwErr (http://localhost:46207/__cypress/runner/cypress_runner.js:149867:11)\n    at Object.throwErrByPath (http://localhost:46207/__cypress/runner/cypress_runner.js:149915:3)\n    at retry (http://localhost:46207/__cypress/runner/cypress_runner.js:144197:19)\n    at onFailFn (http://localhost:46207/__cypress/runner/cypress_runner.js:132448:16)\n    at tryCatcher (http://localhost:46207/__cypress/runner/cypress_runner.js:167415:23)\n    at Promise._settlePromiseFromHandler (http://localhost:46207/__cypress/runner/cypress_runner.js:165351:31)\n    at Promise._settlePromise (http://localhost:46207/__cypress/runner/cypress_runner.js:165408:18)\n    at Promise._settlePromise0 (http://localhost:46207/__cypress/runner/cypress_runner.js:165453:10)\n    at Promise._settlePromises (http://localhost:46207/__cypress/runner/cypress_runner.js:165528:18)\n    at Async../node_modules/bluebird/js/release/async.js.Async._drainQueue (http://localhost:46207/__cypress/runner/cypress_runner.js:162140:16)\n    at Async../node_modules/bluebird/js/release/async.js.Async._drainQueues (http://localhost:46207/__cypress/runner/cypress_runner.js:162150:10)\n    at Async.drainQueues (http://localhost:46207/__cypress/runner/cypress_runner.js:162024:14)",
                "diff": null
              },
              "uuid": "29b8cd6c-9eef-4cd1-bd9f-2e54da7f8bfe",
              "parentUUID": "46b1ef6b-5586-4525-b7f8-4dce53e7881e",
              "isHook": false,
              "skipped": false
            }
          ],
          "suites": [],
          "passes": [],
          "failures": [
            "b4b8470b-063d-4b6c-b012-505c77d2bf56",
            "4aa3b141-af93-424c-a56a-5be4b996a716",
            "3170e206-a4c9-4702-8383-b39d861538f2",
            "29b8cd6c-9eef-4cd1-bd9f-2e54da7f8bfe"
          ],
          "pending": [],
          "skipped": [],
          "duration": 17289,
          "root": false,
          "rootEmpty": false,
          "_timeout": 2000
        },
        {
          "uuid": "3e2fc31a-0ba2-4d98-abc0-4ce1c3f835aa",
          "title": "5 - Faça com que cada elemento do quadro de pixels possua 40 pixels de largura, 40 pixels de altura e seja delimitado por uma borda preta de 1 pixel.",
          "fullFile": "",
          "file": "",
          "beforeHooks": [],
          "afterHooks": [],
          "tests": [
            {
              "title": "Verifica se o quadro de pixels tem altura e comprimento de 5 elementos",
              "fullTitle": "5 - Faça com que cada elemento do quadro de pixels possua 40 pixels de largura, 40 pixels de altura e seja delimitado por uma borda preta de 1 pixel. Verifica se o quadro de pixels tem altura e comprimento de 5 elementos",
              "timedOut": null,
              "duration": 4358,
              "state": "failed",
              "speed": null,
              "pass": false,
              "fail": true,
              "pending": false,
              "context": null,
              "code": "cy.get('.pixel').should('have.length', 25).each(function (pixel) {\n  expect(pixel).to.have.css('background-color', WHITE);\n}).and(function (pixels) {\n  var rows = chunk(pixels, 5);\n  rows.forEach(function (row) {\n    for (var index = 1; index < row.length; index += 1) {\n      var current = pixels[index];\n      var previous = pixels[index - 1];\n      cy.wrap(current).should('be.onTheRightOf', previous).and('be.horizontallyAlignedWith', previous);\n    }\n  });\n  for (var index = 1; index < 5; index += 1) {\n    expect(pixels[index * 5]).to.be.belowOf(pixels[(index - 1) * 5]);\n  }\n});",
              "err": {
                "message": "CypressError: Timed out retrying: Expected to find element: '.pixel', but never found it.",
                "estack": "CypressError: Timed out retrying: Expected to find element: '.pixel', but never found it.\n    at cypressErr (http://localhost:46207/__cypress/runner/cypress_runner.js:149934:9)\n    at throwErr (http://localhost:46207/__cypress/runner/cypress_runner.js:149867:11)\n    at Object.throwErrByPath (http://localhost:46207/__cypress/runner/cypress_runner.js:149915:3)\n    at retry (http://localhost:46207/__cypress/runner/cypress_runner.js:144197:19)\n    at onFailFn (http://localhost:46207/__cypress/runner/cypress_runner.js:132448:16)\n    at tryCatcher (http://localhost:46207/__cypress/runner/cypress_runner.js:167415:23)\n    at Promise._settlePromiseFromHandler (http://localhost:46207/__cypress/runner/cypress_runner.js:165351:31)\n    at Promise._settlePromise (http://localhost:46207/__cypress/runner/cypress_runner.js:165408:18)\n    at Promise._settlePromise0 (http://localhost:46207/__cypress/runner/cypress_runner.js:165453:10)\n    at Promise._settlePromises (http://localhost:46207/__cypress/runner/cypress_runner.js:165528:18)\n    at Async../node_modules/bluebird/js/release/async.js.Async._drainQueue (http://localhost:46207/__cypress/runner/cypress_runner.js:162140:16)\n    at Async../node_modules/bluebird/js/release/async.js.Async._drainQueues (http://localhost:46207/__cypress/runner/cypress_runner.js:162150:10)\n    at Async.drainQueues (http://localhost:46207/__cypress/runner/cypress_runner.js:162024:14)",
                "diff": null
              },
              "uuid": "f85004da-3461-4839-8d40-9f87e67c63bc",
              "parentUUID": "3e2fc31a-0ba2-4d98-abc0-4ce1c3f835aa",
              "isHook": false,
              "skipped": false
            },
            {
              "title": "Verifica se 40 pixels é o tamanho total do elemento, incluindo seu conteúdo e excluindo a borda preta, que deve ser criada à parte.",
              "fullTitle": "5 - Faça com que cada elemento do quadro de pixels possua 40 pixels de largura, 40 pixels de altura e seja delimitado por uma borda preta de 1 pixel. Verifica se 40 pixels é o tamanho total do elemento, incluindo seu conteúdo e excluindo a borda preta, que deve ser criada à parte.",
              "timedOut": null,
              "duration": 4289,
              "state": "failed",
              "speed": null,
              "pass": false,
              "fail": true,
              "pending": false,
              "context": null,
              "code": "cy.get('.pixel').each(function (pixel) {\n  cy.wrap(pixel).should('have.css', 'height', '40px').and('have.css', 'width', '40px').and('have.css', 'border', \"1px solid \".concat(BLACK));\n});",
              "err": {
                "message": "CypressError: Timed out retrying: Expected to find element: '.pixel', but never found it.",
                "estack": "CypressError: Timed out retrying: Expected to find element: '.pixel', but never found it.\n    at cypressErr (http://localhost:46207/__cypress/runner/cypress_runner.js:149934:9)\n    at throwErr (http://localhost:46207/__cypress/runner/cypress_runner.js:149867:11)\n    at Object.throwErrByPath (http://localhost:46207/__cypress/runner/cypress_runner.js:149915:3)\n    at retry (http://localhost:46207/__cypress/runner/cypress_runner.js:144197:19)\n    at onFailFn (http://localhost:46207/__cypress/runner/cypress_runner.js:132448:16)\n    at tryCatcher (http://localhost:46207/__cypress/runner/cypress_runner.js:167415:23)\n    at Promise._settlePromiseFromHandler (http://localhost:46207/__cypress/runner/cypress_runner.js:165351:31)\n    at Promise._settlePromise (http://localhost:46207/__cypress/runner/cypress_runner.js:165408:18)\n    at Promise._settlePromise0 (http://localhost:46207/__cypress/runner/cypress_runner.js:165453:10)\n    at Promise._settlePromises (http://localhost:46207/__cypress/runner/cypress_runner.js:165528:18)\n    at Async../node_modules/bluebird/js/release/async.js.Async._drainQueue (http://localhost:46207/__cypress/runner/cypress_runner.js:162140:16)\n    at Async../node_modules/bluebird/js/release/async.js.Async._drainQueues (http://localhost:46207/__cypress/runner/cypress_runner.js:162150:10)\n    at Async.drainQueues (http://localhost:46207/__cypress/runner/cypress_runner.js:162024:14)",
                "diff": null
              },
              "uuid": "8da50416-f83e-4d8a-89a5-6110261241ff",
              "parentUUID": "3e2fc31a-0ba2-4d98-abc0-4ce1c3f835aa",
              "isHook": false,
              "skipped": false
            }
          ],
          "suites": [],
          "passes": [],
          "failures": [
            "f85004da-3461-4839-8d40-9f87e67c63bc",
            "8da50416-f83e-4d8a-89a5-6110261241ff"
          ],
          "pending": [],
          "skipped": [],
          "duration": 8647,
          "root": false,
          "rootEmpty": false,
          "_timeout": 2000
        },
        {
          "uuid": "4ab00863-3fb0-4e54-a456-3d5b3225ac85",
          "title": "6 - Defina a cor preta como cor inicial. Ao carregar a página a cor preta já deve estar selecionada para pintar os pixels",
          "fullFile": "",
          "file": "",
          "beforeHooks": [],
          "afterHooks": [],
          "tests": [
            {
              "title": "Verifica se o elemento da cor preta possui, inicialmente, a `classe` `selected`",
              "fullTitle": "6 - Defina a cor preta como cor inicial. Ao carregar a página a cor preta já deve estar selecionada para pintar os pixels Verifica se o elemento da cor preta possui, inicialmente, a `classe` `selected`",
              "timedOut": null,
              "duration": 4400,
              "state": "failed",
              "speed": null,
              "pass": false,
              "fail": true,
              "pending": false,
              "context": null,
              "code": "cy.get('.selected').first().should('have.css', 'background-color', BLACK);",
              "err": {
                "message": "CypressError: Timed out retrying: Expected to find element: '.selected', but never found it.",
                "estack": "CypressError: Timed out retrying: Expected to find element: '.selected', but never found it.\n    at cypressErr (http://localhost:46207/__cypress/runner/cypress_runner.js:149934:9)\n    at throwErr (http://localhost:46207/__cypress/runner/cypress_runner.js:149867:11)\n    at Object.throwErrByPath (http://localhost:46207/__cypress/runner/cypress_runner.js:149915:3)\n    at retry (http://localhost:46207/__cypress/runner/cypress_runner.js:144197:19)\n    at onFailFn (http://localhost:46207/__cypress/runner/cypress_runner.js:132448:16)\n    at tryCatcher (http://localhost:46207/__cypress/runner/cypress_runner.js:167415:23)\n    at Promise._settlePromiseFromHandler (http://localhost:46207/__cypress/runner/cypress_runner.js:165351:31)\n    at Promise._settlePromise (http://localhost:46207/__cypress/runner/cypress_runner.js:165408:18)\n    at Promise._settlePromise0 (http://localhost:46207/__cypress/runner/cypress_runner.js:165453:10)\n    at Promise._settlePromises (http://localhost:46207/__cypress/runner/cypress_runner.js:165528:18)\n    at Async../node_modules/bluebird/js/release/async.js.Async._drainQueue (http://localhost:46207/__cypress/runner/cypress_runner.js:162140:16)\n    at Async../node_modules/bluebird/js/release/async.js.Async._drainQueues (http://localhost:46207/__cypress/runner/cypress_runner.js:162150:10)\n    at Async.drainQueues (http://localhost:46207/__cypress/runner/cypress_runner.js:162024:14)",
                "diff": null
              },
              "uuid": "f3846677-815a-4e8d-9c2b-20514f38f7d7",
              "parentUUID": "4ab00863-3fb0-4e54-a456-3d5b3225ac85",
              "isHook": false,
              "skipped": false
            },
            {
              "title": "Verifica se nenhuma outra cor da paleta tem a `classe` `selected`",
              "fullTitle": "6 - Defina a cor preta como cor inicial. Ao carregar a página a cor preta já deve estar selecionada para pintar os pixels Verifica se nenhuma outra cor da paleta tem a `classe` `selected`",
              "timedOut": null,
              "duration": 4286,
              "state": "failed",
              "speed": null,
              "pass": false,
              "fail": true,
              "pending": false,
              "context": null,
              "code": "cy.get('.color:not(:first-child)').each(function (color) {\n  cy.wrap(color).should('not.have.class', 'selected');\n});",
              "err": {
                "message": "CypressError: Timed out retrying: Expected to find element: '.color:not(:first-child)', but never found it.",
                "estack": "CypressError: Timed out retrying: Expected to find element: '.color:not(:first-child)', but never found it.\n    at cypressErr (http://localhost:46207/__cypress/runner/cypress_runner.js:149934:9)\n    at throwErr (http://localhost:46207/__cypress/runner/cypress_runner.js:149867:11)\n    at Object.throwErrByPath (http://localhost:46207/__cypress/runner/cypress_runner.js:149915:3)\n    at retry (http://localhost:46207/__cypress/runner/cypress_runner.js:144197:19)\n    at onFailFn (http://localhost:46207/__cypress/runner/cypress_runner.js:132448:16)\n    at tryCatcher (http://localhost:46207/__cypress/runner/cypress_runner.js:167415:23)\n    at Promise._settlePromiseFromHandler (http://localhost:46207/__cypress/runner/cypress_runner.js:165351:31)\n    at Promise._settlePromise (http://localhost:46207/__cypress/runner/cypress_runner.js:165408:18)\n    at Promise._settlePromise0 (http://localhost:46207/__cypress/runner/cypress_runner.js:165453:10)\n    at Promise._settlePromises (http://localhost:46207/__cypress/runner/cypress_runner.js:165528:18)\n    at Async../node_modules/bluebird/js/release/async.js.Async._drainQueue (http://localhost:46207/__cypress/runner/cypress_runner.js:162140:16)\n    at Async../node_modules/bluebird/js/release/async.js.Async._drainQueues (http://localhost:46207/__cypress/runner/cypress_runner.js:162150:10)\n    at Async.drainQueues (http://localhost:46207/__cypress/runner/cypress_runner.js:162024:14)",
                "diff": null
              },
              "uuid": "3b5f501d-f04c-43d7-9608-d522a235365c",
              "parentUUID": "4ab00863-3fb0-4e54-a456-3d5b3225ac85",
              "isHook": false,
              "skipped": false
            }
          ],
          "suites": [],
          "passes": [],
          "failures": [
            "f3846677-815a-4e8d-9c2b-20514f38f7d7",
            "3b5f501d-f04c-43d7-9608-d522a235365c"
          ],
          "pending": [],
          "skipped": [],
          "duration": 8686,
          "root": false,
          "rootEmpty": false,
          "_timeout": 2000
        },
        {
          "uuid": "6b677c3e-ab07-4e56-93ab-9180b3a2344c",
          "title": "7 - Clicar em uma das cores da paleta, faz com que ela seja selecionada e utilizada para preencher os pixels no quadro.",
          "fullFile": "",
          "file": "",
          "beforeHooks": [],
          "afterHooks": [],
          "tests": [
            {
              "title": "Verifica se somente uma cor da paleta de cores tem a classe `selected` de cada vez",
              "fullTitle": "7 - Clicar em uma das cores da paleta, faz com que ela seja selecionada e utilizada para preencher os pixels no quadro. Verifica se somente uma cor da paleta de cores tem a classe `selected` de cada vez",
              "timedOut": null,
              "duration": 4308,
              "state": "failed",
              "speed": null,
              "pass": false,
              "fail": true,
              "pending": false,
              "context": null,
              "code": "cy.get('.color').each(function (selectedColor, selectedColorIndex) {\n  cy.wrap(selectedColor).click();\n  cy.get('.color').each(function (color, colorIndex) {\n    if (colorIndex === selectedColorIndex) {\n      expect(color).to.have[\"class\"]('selected');\n    } else {\n      expect(color).not.to.have[\"class\"]('selected');\n    }\n  });\n});",
              "err": {
                "message": "CypressError: Timed out retrying: Expected to find element: '.color', but never found it.",
                "estack": "CypressError: Timed out retrying: Expected to find element: '.color', but never found it.\n    at cypressErr (http://localhost:46207/__cypress/runner/cypress_runner.js:149934:9)\n    at throwErr (http://localhost:46207/__cypress/runner/cypress_runner.js:149867:11)\n    at Object.throwErrByPath (http://localhost:46207/__cypress/runner/cypress_runner.js:149915:3)\n    at retry (http://localhost:46207/__cypress/runner/cypress_runner.js:144197:19)\n    at onFailFn (http://localhost:46207/__cypress/runner/cypress_runner.js:132448:16)\n    at tryCatcher (http://localhost:46207/__cypress/runner/cypress_runner.js:167415:23)\n    at Promise._settlePromiseFromHandler (http://localhost:46207/__cypress/runner/cypress_runner.js:165351:31)\n    at Promise._settlePromise (http://localhost:46207/__cypress/runner/cypress_runner.js:165408:18)\n    at Promise._settlePromise0 (http://localhost:46207/__cypress/runner/cypress_runner.js:165453:10)\n    at Promise._settlePromises (http://localhost:46207/__cypress/runner/cypress_runner.js:165528:18)\n    at Async../node_modules/bluebird/js/release/async.js.Async._drainQueue (http://localhost:46207/__cypress/runner/cypress_runner.js:162140:16)\n    at Async../node_modules/bluebird/js/release/async.js.Async._drainQueues (http://localhost:46207/__cypress/runner/cypress_runner.js:162150:10)\n    at Async.drainQueues (http://localhost:46207/__cypress/runner/cypress_runner.js:162024:14)",
                "diff": null
              },
              "uuid": "dcaa2e66-59f7-42ba-a159-043c2b428222",
              "parentUUID": "6b677c3e-ab07-4e56-93ab-9180b3a2344c",
              "isHook": false,
              "skipped": false
            },
            {
              "title": "Verifica se os pixels dentro do quadro não têm a classe `selected` quando são clicados",
              "fullTitle": "7 - Clicar em uma das cores da paleta, faz com que ela seja selecionada e utilizada para preencher os pixels no quadro. Verifica se os pixels dentro do quadro não têm a classe `selected` quando são clicados",
              "timedOut": null,
              "duration": 4416,
              "state": "failed",
              "speed": null,
              "pass": false,
              "fail": true,
              "pending": false,
              "context": null,
              "code": "cy.get('.color').each(function (color) {\n  var backgroundColor = color.css('background-color');\n  cy.wrap(color).click();\n  cy.get('.pixel').each(function (pixel) {\n    cy.wrap(pixel).click().should('not.have.class', 'selected');\n  });\n});",
              "err": {
                "message": "CypressError: Timed out retrying: Expected to find element: '.color', but never found it.",
                "estack": "CypressError: Timed out retrying: Expected to find element: '.color', but never found it.\n    at cypressErr (http://localhost:46207/__cypress/runner/cypress_runner.js:149934:9)\n    at throwErr (http://localhost:46207/__cypress/runner/cypress_runner.js:149867:11)\n    at Object.throwErrByPath (http://localhost:46207/__cypress/runner/cypress_runner.js:149915:3)\n    at retry (http://localhost:46207/__cypress/runner/cypress_runner.js:144197:19)\n    at onFailFn (http://localhost:46207/__cypress/runner/cypress_runner.js:132448:16)\n    at tryCatcher (http://localhost:46207/__cypress/runner/cypress_runner.js:167415:23)\n    at Promise._settlePromiseFromHandler (http://localhost:46207/__cypress/runner/cypress_runner.js:165351:31)\n    at Promise._settlePromise (http://localhost:46207/__cypress/runner/cypress_runner.js:165408:18)\n    at Promise._settlePromise0 (http://localhost:46207/__cypress/runner/cypress_runner.js:165453:10)\n    at Promise._settlePromises (http://localhost:46207/__cypress/runner/cypress_runner.js:165528:18)\n    at Async../node_modules/bluebird/js/release/async.js.Async._drainQueue (http://localhost:46207/__cypress/runner/cypress_runner.js:162140:16)\n    at Async../node_modules/bluebird/js/release/async.js.Async._drainQueues (http://localhost:46207/__cypress/runner/cypress_runner.js:162150:10)\n    at Async.drainQueues (http://localhost:46207/__cypress/runner/cypress_runner.js:162024:14)",
                "diff": null
              },
              "uuid": "8deb3db0-c85f-42c6-9a10-775942c8190f",
              "parentUUID": "6b677c3e-ab07-4e56-93ab-9180b3a2344c",
              "isHook": false,
              "skipped": false
            }
          ],
          "suites": [],
          "passes": [],
          "failures": [
            "dcaa2e66-59f7-42ba-a159-043c2b428222",
            "8deb3db0-c85f-42c6-9a10-775942c8190f"
          ],
          "pending": [],
          "skipped": [],
          "duration": 8724,
          "root": false,
          "rootEmpty": false,
          "_timeout": 2000
        },
        {
          "uuid": "44be3b86-813d-468e-9f5e-18eb9b56967e",
          "title": "8 - Clicar em um pixel dentro do quadro após selecionar uma cor na paleta, faz com que o pixel seja preenchido com a cor selecionada.",
          "fullFile": "",
          "file": "",
          "beforeHooks": [],
          "afterHooks": [],
          "tests": [
            {
              "title": "Verifica se ao carregar a página deve ser possível pintar os pixels de preto",
              "fullTitle": "8 - Clicar em um pixel dentro do quadro após selecionar uma cor na paleta, faz com que o pixel seja preenchido com a cor selecionada. Verifica se ao carregar a página deve ser possível pintar os pixels de preto",
              "timedOut": null,
              "duration": 4762,
              "state": "failed",
              "speed": null,
              "pass": false,
              "fail": true,
              "pending": false,
              "context": null,
              "code": "cy.get('.pixel').each(function (pixel) {\n  cy.wrap(pixel).click().should('have.css', 'background-color', BLACK);\n});",
              "err": {
                "message": "CypressError: Timed out retrying: Expected to find element: '.pixel', but never found it.",
                "estack": "CypressError: Timed out retrying: Expected to find element: '.pixel', but never found it.\n    at cypressErr (http://localhost:46207/__cypress/runner/cypress_runner.js:149934:9)\n    at throwErr (http://localhost:46207/__cypress/runner/cypress_runner.js:149867:11)\n    at Object.throwErrByPath (http://localhost:46207/__cypress/runner/cypress_runner.js:149915:3)\n    at retry (http://localhost:46207/__cypress/runner/cypress_runner.js:144197:19)\n    at onFailFn (http://localhost:46207/__cypress/runner/cypress_runner.js:132448:16)\n    at tryCatcher (http://localhost:46207/__cypress/runner/cypress_runner.js:167415:23)\n    at Promise._settlePromiseFromHandler (http://localhost:46207/__cypress/runner/cypress_runner.js:165351:31)\n    at Promise._settlePromise (http://localhost:46207/__cypress/runner/cypress_runner.js:165408:18)\n    at Promise._settlePromise0 (http://localhost:46207/__cypress/runner/cypress_runner.js:165453:10)\n    at Promise._settlePromises (http://localhost:46207/__cypress/runner/cypress_runner.js:165528:18)\n    at Async../node_modules/bluebird/js/release/async.js.Async._drainQueue (http://localhost:46207/__cypress/runner/cypress_runner.js:162140:16)\n    at Async../node_modules/bluebird/js/release/async.js.Async._drainQueues (http://localhost:46207/__cypress/runner/cypress_runner.js:162150:10)\n    at Async.drainQueues (http://localhost:46207/__cypress/runner/cypress_runner.js:162024:14)",
                "diff": null
              },
              "uuid": "4226e38e-af45-4dc0-8c10-685d6036cf7a",
              "parentUUID": "44be3b86-813d-468e-9f5e-18eb9b56967e",
              "isHook": false,
              "skipped": false
            },
            {
              "title": "Verifica se após selecionar uma outra cor na paleta, é possível pintar os pixels com essa cor",
              "fullTitle": "8 - Clicar em um pixel dentro do quadro após selecionar uma cor na paleta, faz com que o pixel seja preenchido com a cor selecionada. Verifica se após selecionar uma outra cor na paleta, é possível pintar os pixels com essa cor",
              "timedOut": null,
              "duration": 4582,
              "state": "failed",
              "speed": null,
              "pass": false,
              "fail": true,
              "pending": false,
              "context": null,
              "code": "cy.get('.color').each(function (color) {\n  var backgroundColor = color.css('background-color');\n  cy.wrap(color).click();\n  cy.get('.pixel').each(function (pixel) {\n    cy.wrap(pixel).click().should('have.css', 'background-color', backgroundColor);\n  });\n});",
              "err": {
                "message": "CypressError: Timed out retrying: Expected to find element: '.color', but never found it.",
                "estack": "CypressError: Timed out retrying: Expected to find element: '.color', but never found it.\n    at cypressErr (http://localhost:46207/__cypress/runner/cypress_runner.js:149934:9)\n    at throwErr (http://localhost:46207/__cypress/runner/cypress_runner.js:149867:11)\n    at Object.throwErrByPath (http://localhost:46207/__cypress/runner/cypress_runner.js:149915:3)\n    at retry (http://localhost:46207/__cypress/runner/cypress_runner.js:144197:19)\n    at onFailFn (http://localhost:46207/__cypress/runner/cypress_runner.js:132448:16)\n    at tryCatcher (http://localhost:46207/__cypress/runner/cypress_runner.js:167415:23)\n    at Promise._settlePromiseFromHandler (http://localhost:46207/__cypress/runner/cypress_runner.js:165351:31)\n    at Promise._settlePromise (http://localhost:46207/__cypress/runner/cypress_runner.js:165408:18)\n    at Promise._settlePromise0 (http://localhost:46207/__cypress/runner/cypress_runner.js:165453:10)\n    at Promise._settlePromises (http://localhost:46207/__cypress/runner/cypress_runner.js:165528:18)\n    at Async../node_modules/bluebird/js/release/async.js.Async._drainQueue (http://localhost:46207/__cypress/runner/cypress_runner.js:162140:16)\n    at Async../node_modules/bluebird/js/release/async.js.Async._drainQueues (http://localhost:46207/__cypress/runner/cypress_runner.js:162150:10)\n    at Async.drainQueues (http://localhost:46207/__cypress/runner/cypress_runner.js:162024:14)",
                "diff": null
              },
              "uuid": "cb449ecc-750e-4a53-8b8d-d3f745f5373c",
              "parentUUID": "44be3b86-813d-468e-9f5e-18eb9b56967e",
              "isHook": false,
              "skipped": false
            },
            {
              "title": "Verifica se somente o pixel que foi clicado foi preenchido com a cor selecionada, sem influenciar na cor dos demais pixels.",
              "fullTitle": "8 - Clicar em um pixel dentro do quadro após selecionar uma cor na paleta, faz com que o pixel seja preenchido com a cor selecionada. Verifica se somente o pixel que foi clicado foi preenchido com a cor selecionada, sem influenciar na cor dos demais pixels.",
              "timedOut": null,
              "duration": 4239,
              "state": "failed",
              "speed": null,
              "pass": false,
              "fail": true,
              "pending": false,
              "context": null,
              "code": "var colorToPixelIndexMap = {\n  0: 6,\n  1: 8,\n  2: 16,\n  3: 18\n};\ncy.get('.color').each(function (color, index) {\n  cy.wrap(color).click();\n  var backgroundColor = color.css('background-color');\n  var clickedPixelIndex = colorToPixelIndexMap[index];\n  cy.get('.pixel').eq(clickedPixelIndex).click();\n  cy.get('.pixel').eq(clickedPixelIndex - 1).should('not.have.css', 'background-color', backgroundColor);\n  cy.get('.pixel').eq(clickedPixelIndex + 1).should('not.have.css', 'background-color', backgroundColor);\n  cy.get('.pixel').eq(clickedPixelIndex - 5).should('not.have.css', 'background-color', backgroundColor);\n  cy.get('.pixel').eq(clickedPixelIndex + 5).should('not.have.css', 'background-color', backgroundColor);\n  cy.get('.pixel').eq(clickedPixelIndex - 6).should('not.have.css', 'background-color', backgroundColor);\n  cy.get('.pixel').eq(clickedPixelIndex - 4).should('not.have.css', 'background-color', backgroundColor);\n  cy.get('.pixel').eq(clickedPixelIndex + 4).should('not.have.css', 'background-color', backgroundColor);\n  cy.get('.pixel').eq(clickedPixelIndex + 6).should('not.have.css', 'background-color', backgroundColor);\n});",
              "err": {
                "message": "CypressError: Timed out retrying: Expected to find element: '.color', but never found it.",
                "estack": "CypressError: Timed out retrying: Expected to find element: '.color', but never found it.\n    at cypressErr (http://localhost:46207/__cypress/runner/cypress_runner.js:149934:9)\n    at throwErr (http://localhost:46207/__cypress/runner/cypress_runner.js:149867:11)\n    at Object.throwErrByPath (http://localhost:46207/__cypress/runner/cypress_runner.js:149915:3)\n    at retry (http://localhost:46207/__cypress/runner/cypress_runner.js:144197:19)\n    at onFailFn (http://localhost:46207/__cypress/runner/cypress_runner.js:132448:16)\n    at tryCatcher (http://localhost:46207/__cypress/runner/cypress_runner.js:167415:23)\n    at Promise._settlePromiseFromHandler (http://localhost:46207/__cypress/runner/cypress_runner.js:165351:31)\n    at Promise._settlePromise (http://localhost:46207/__cypress/runner/cypress_runner.js:165408:18)\n    at Promise._settlePromise0 (http://localhost:46207/__cypress/runner/cypress_runner.js:165453:10)\n    at Promise._settlePromises (http://localhost:46207/__cypress/runner/cypress_runner.js:165528:18)\n    at Async../node_modules/bluebird/js/release/async.js.Async._drainQueue (http://localhost:46207/__cypress/runner/cypress_runner.js:162140:16)\n    at Async../node_modules/bluebird/js/release/async.js.Async._drainQueues (http://localhost:46207/__cypress/runner/cypress_runner.js:162150:10)\n    at Async.drainQueues (http://localhost:46207/__cypress/runner/cypress_runner.js:162024:14)",
                "diff": null
              },
              "uuid": "c454ed3a-2549-4f96-8816-1fa4400e5c84",
              "parentUUID": "44be3b86-813d-468e-9f5e-18eb9b56967e",
              "isHook": false,
              "skipped": false
            }
          ],
          "suites": [],
          "passes": [],
          "failures": [
            "4226e38e-af45-4dc0-8c10-685d6036cf7a",
            "cb449ecc-750e-4a53-8b8d-d3f745f5373c",
            "c454ed3a-2549-4f96-8816-1fa4400e5c84"
          ],
          "pending": [],
          "skipped": [],
          "duration": 13583,
          "root": false,
          "rootEmpty": false,
          "_timeout": 2000
        },
        {
          "uuid": "dd63ec09-4711-447f-a44f-ac726a716f4b",
          "title": "9 - Crie um botão que, ao ser clicado, limpa o quadro preenchendo a cor de todos seus pixels com branco.",
          "fullFile": "",
          "file": "",
          "beforeHooks": [],
          "afterHooks": [],
          "tests": [
            {
              "title": "Verifica se o botão tem o `id` denominado `clear-board`",
              "fullTitle": "9 - Crie um botão que, ao ser clicado, limpa o quadro preenchendo a cor de todos seus pixels com branco. Verifica se o botão tem o `id` denominado `clear-board`",
              "timedOut": null,
              "duration": 4341,
              "state": "failed",
              "speed": null,
              "pass": false,
              "fail": true,
              "pending": false,
              "context": null,
              "code": "cy.get('#clear-board').should('be.visible');",
              "err": {
                "message": "CypressError: Timed out retrying: Expected to find element: '#clear-board', but never found it.",
                "estack": "CypressError: Timed out retrying: Expected to find element: '#clear-board', but never found it.\n    at cypressErr (http://localhost:46207/__cypress/runner/cypress_runner.js:149934:9)\n    at throwErr (http://localhost:46207/__cypress/runner/cypress_runner.js:149867:11)\n    at Object.throwErrByPath (http://localhost:46207/__cypress/runner/cypress_runner.js:149915:3)\n    at retry (http://localhost:46207/__cypress/runner/cypress_runner.js:144197:19)\n    at onFailFn (http://localhost:46207/__cypress/runner/cypress_runner.js:132448:16)\n    at tryCatcher (http://localhost:46207/__cypress/runner/cypress_runner.js:167415:23)\n    at Promise._settlePromiseFromHandler (http://localhost:46207/__cypress/runner/cypress_runner.js:165351:31)\n    at Promise._settlePromise (http://localhost:46207/__cypress/runner/cypress_runner.js:165408:18)\n    at Promise._settlePromise0 (http://localhost:46207/__cypress/runner/cypress_runner.js:165453:10)\n    at Promise._settlePromises (http://localhost:46207/__cypress/runner/cypress_runner.js:165528:18)\n    at Async../node_modules/bluebird/js/release/async.js.Async._drainQueue (http://localhost:46207/__cypress/runner/cypress_runner.js:162140:16)\n    at Async../node_modules/bluebird/js/release/async.js.Async._drainQueues (http://localhost:46207/__cypress/runner/cypress_runner.js:162150:10)\n    at Async.drainQueues (http://localhost:46207/__cypress/runner/cypress_runner.js:162024:14)",
                "diff": null
              },
              "uuid": "42ecbc65-2425-4642-98b3-91c5dacc2d03",
              "parentUUID": "dd63ec09-4711-447f-a44f-ac726a716f4b",
              "isHook": false,
              "skipped": false
            },
            {
              "title": "Verifica se o botão está posicionado entre a paleta de cores e o quadro de pixels",
              "fullTitle": "9 - Crie um botão que, ao ser clicado, limpa o quadro preenchendo a cor de todos seus pixels com branco. Verifica se o botão está posicionado entre a paleta de cores e o quadro de pixels",
              "timedOut": null,
              "duration": 4359,
              "state": "failed",
              "speed": null,
              "pass": false,
              "fail": true,
              "pending": false,
              "context": null,
              "code": "cy.get('#color-palette').then(function (palette) {\n  cy.get('#clear-board').should('be.belowOf', palette);\n});\ncy.get('#clear-board').then(function (clearBtn) {\n  cy.get('#pixel-board').should('be.belowOf', clearBtn);\n});",
              "err": {
                "message": "CypressError: Timed out retrying: Expected to find element: '#color-palette', but never found it.",
                "estack": "CypressError: Timed out retrying: Expected to find element: '#color-palette', but never found it.\n    at cypressErr (http://localhost:46207/__cypress/runner/cypress_runner.js:149934:9)\n    at throwErr (http://localhost:46207/__cypress/runner/cypress_runner.js:149867:11)\n    at Object.throwErrByPath (http://localhost:46207/__cypress/runner/cypress_runner.js:149915:3)\n    at retry (http://localhost:46207/__cypress/runner/cypress_runner.js:144197:19)\n    at onFailFn (http://localhost:46207/__cypress/runner/cypress_runner.js:132448:16)\n    at tryCatcher (http://localhost:46207/__cypress/runner/cypress_runner.js:167415:23)\n    at Promise._settlePromiseFromHandler (http://localhost:46207/__cypress/runner/cypress_runner.js:165351:31)\n    at Promise._settlePromise (http://localhost:46207/__cypress/runner/cypress_runner.js:165408:18)\n    at Promise._settlePromise0 (http://localhost:46207/__cypress/runner/cypress_runner.js:165453:10)\n    at Promise._settlePromises (http://localhost:46207/__cypress/runner/cypress_runner.js:165528:18)\n    at Async../node_modules/bluebird/js/release/async.js.Async._drainQueue (http://localhost:46207/__cypress/runner/cypress_runner.js:162140:16)\n    at Async../node_modules/bluebird/js/release/async.js.Async._drainQueues (http://localhost:46207/__cypress/runner/cypress_runner.js:162150:10)\n    at Async.drainQueues (http://localhost:46207/__cypress/runner/cypress_runner.js:162024:14)",
                "diff": null
              },
              "uuid": "c72843a5-3779-4f75-afbb-446f24da3f0a",
              "parentUUID": "dd63ec09-4711-447f-a44f-ac726a716f4b",
              "isHook": false,
              "skipped": false
            },
            {
              "title": "Verifica se o texto do botão é 'Limpar'",
              "fullTitle": "9 - Crie um botão que, ao ser clicado, limpa o quadro preenchendo a cor de todos seus pixels com branco. Verifica se o texto do botão é 'Limpar'",
              "timedOut": null,
              "duration": 4393,
              "state": "failed",
              "speed": null,
              "pass": false,
              "fail": true,
              "pending": false,
              "context": null,
              "code": "cy.get('#clear-board').should('contain.text', 'Limpar');",
              "err": {
                "message": "CypressError: Timed out retrying: Expected to find element: '#clear-board', but never found it.",
                "estack": "CypressError: Timed out retrying: Expected to find element: '#clear-board', but never found it.\n    at cypressErr (http://localhost:46207/__cypress/runner/cypress_runner.js:149934:9)\n    at throwErr (http://localhost:46207/__cypress/runner/cypress_runner.js:149867:11)\n    at Object.throwErrByPath (http://localhost:46207/__cypress/runner/cypress_runner.js:149915:3)\n    at retry (http://localhost:46207/__cypress/runner/cypress_runner.js:144197:19)\n    at onFailFn (http://localhost:46207/__cypress/runner/cypress_runner.js:132448:16)\n    at tryCatcher (http://localhost:46207/__cypress/runner/cypress_runner.js:167415:23)\n    at Promise._settlePromiseFromHandler (http://localhost:46207/__cypress/runner/cypress_runner.js:165351:31)\n    at Promise._settlePromise (http://localhost:46207/__cypress/runner/cypress_runner.js:165408:18)\n    at Promise._settlePromise0 (http://localhost:46207/__cypress/runner/cypress_runner.js:165453:10)\n    at Promise._settlePromises (http://localhost:46207/__cypress/runner/cypress_runner.js:165528:18)\n    at Async../node_modules/bluebird/js/release/async.js.Async._drainQueue (http://localhost:46207/__cypress/runner/cypress_runner.js:162140:16)\n    at Async../node_modules/bluebird/js/release/async.js.Async._drainQueues (http://localhost:46207/__cypress/runner/cypress_runner.js:162150:10)\n    at Async.drainQueues (http://localhost:46207/__cypress/runner/cypress_runner.js:162024:14)",
                "diff": null
              },
              "uuid": "1915e9df-f49d-48b0-a121-356e86f0f659",
              "parentUUID": "dd63ec09-4711-447f-a44f-ac726a716f4b",
              "isHook": false,
              "skipped": false
            },
            {
              "title": "Verifica se ao clicar no botão, o quadro de pixels é totalmente preenchido de branco",
              "fullTitle": "9 - Crie um botão que, ao ser clicado, limpa o quadro preenchendo a cor de todos seus pixels com branco. Verifica se ao clicar no botão, o quadro de pixels é totalmente preenchido de branco",
              "timedOut": null,
              "duration": 4384,
              "state": "failed",
              "speed": null,
              "pass": false,
              "fail": true,
              "pending": false,
              "context": null,
              "code": "cy.get('.color').eq(1).then(function (color) {\n  var backgroundColor = color.css('background-color');\n  cy.wrap(color).click();\n  cy.get('.pixel').each(function (pixel) {\n    cy.wrap(pixel).click().should('have.css', 'background-color', backgroundColor);\n  });\n});\ncy.get('#clear-board').click();\ncy.get('.pixel').each(function (pixel) {\n  cy.wrap(pixel).should('have.css', 'background-color', WHITE);\n});",
              "err": {
                "message": "CypressError: Timed out retrying: Expected to find element: '.color', but never found it.",
                "estack": "CypressError: Timed out retrying: Expected to find element: '.color', but never found it.\n    at cypressErr (http://localhost:46207/__cypress/runner/cypress_runner.js:149934:9)\n    at throwErr (http://localhost:46207/__cypress/runner/cypress_runner.js:149867:11)\n    at Object.throwErrByPath (http://localhost:46207/__cypress/runner/cypress_runner.js:149915:3)\n    at retry (http://localhost:46207/__cypress/runner/cypress_runner.js:144197:19)\n    at onFailFn (http://localhost:46207/__cypress/runner/cypress_runner.js:132448:16)\n    at tryCatcher (http://localhost:46207/__cypress/runner/cypress_runner.js:167415:23)\n    at Promise._settlePromiseFromHandler (http://localhost:46207/__cypress/runner/cypress_runner.js:165351:31)\n    at Promise._settlePromise (http://localhost:46207/__cypress/runner/cypress_runner.js:165408:18)\n    at Promise._settlePromise0 (http://localhost:46207/__cypress/runner/cypress_runner.js:165453:10)\n    at Promise._settlePromises (http://localhost:46207/__cypress/runner/cypress_runner.js:165528:18)\n    at Async../node_modules/bluebird/js/release/async.js.Async._drainQueue (http://localhost:46207/__cypress/runner/cypress_runner.js:162140:16)\n    at Async../node_modules/bluebird/js/release/async.js.Async._drainQueues (http://localhost:46207/__cypress/runner/cypress_runner.js:162150:10)\n    at Async.drainQueues (http://localhost:46207/__cypress/runner/cypress_runner.js:162024:14)",
                "diff": null
              },
              "uuid": "6973fd02-1928-4744-b20b-3088a7f602a1",
              "parentUUID": "dd63ec09-4711-447f-a44f-ac726a716f4b",
              "isHook": false,
              "skipped": false
            }
          ],
          "suites": [],
          "passes": [],
          "failures": [
            "42ecbc65-2425-4642-98b3-91c5dacc2d03",
            "c72843a5-3779-4f75-afbb-446f24da3f0a",
            "1915e9df-f49d-48b0-a121-356e86f0f659",
            "6973fd02-1928-4744-b20b-3088a7f602a1"
          ],
          "pending": [],
          "skipped": [],
          "duration": 17477,
          "root": false,
          "rootEmpty": false,
          "_timeout": 2000
        },
        {
          "uuid": "cebc362f-7c55-493a-9107-72942d723526",
          "title": "10 - Faça o quadro de pixels ter seu tamanho definido pelo usuário.",
          "fullFile": "",
          "file": "",
          "beforeHooks": [],
          "afterHooks": [],
          "tests": [
            {
              "title": "Verifica se existe um input com o id `board-size`",
              "fullTitle": "10 - Faça o quadro de pixels ter seu tamanho definido pelo usuário. Verifica se existe um input com o id `board-size`",
              "timedOut": null,
              "duration": 4469,
              "state": "failed",
              "speed": null,
              "pass": false,
              "fail": true,
              "pending": false,
              "context": null,
              "code": "cy.get('#board-size').should('be.visible');",
              "err": {
                "message": "CypressError: Timed out retrying: Expected to find element: '#board-size', but never found it.",
[...]
                "diff": null
              },
              "uuid": "b82492e5-ff08-4638-9815-1113b28503b8",
              "parentUUID": "cebc362f-7c55-493a-9107-72942d723526",
              "isHook": false,
              "skipped": false
            },
            {
              "title": "Verifica se o novo quadro tem todos os pixels preenchidos com a cor branca",
              "fullTitle": "10 - Faça o quadro de pixels ter seu tamanho definido pelo usuário. Verifica se o novo quadro tem todos os pixels preenchidos com a cor branca",
              "timedOut": null,
              "duration": 4418,
              "state": "failed",
              "speed": null,
              "pass": false,
              "fail": true,
              "pending": false,
              "context": null,
              "code": "cy.get('#board-size').clear().type(6);\ncy.get('#generate-board').click();\ncy.get('.pixel').should('have.length', 36).each(function (pixel) {\n  expect(pixel).to.have.css('background-color', WHITE);\n});",
              "err": {
                "message": "CypressError: Timed out retrying: Expected to find element: '#board-size', but never found it.",
                "estack": "CypressError: Timed out retrying: Expected to find element: '#board-size', but never found it.\n    at cypressErr (http://localhost:46207/__cypress/runner/cypress_runner.js:149934:9)\n    at throwErr (http://localhost:46207/__cypress/runner/cypress_runner.js:149867:11)\n    at Object.throwErrByPath (http://localhost:46207/__cypress/runner/cypress_runner.js:149915:3)\n    at retry (http://localhost:46207/__cypress/runner/cypress_runner.js:144197:19)\n    at onFailFn (http://localhost:46207/__cypress/runner/cypress_runner.js:132448:16)\n    at tryCatcher (http://localhost:46207/__cypress/runner/cypress_runner.js:167415:23)\n    at Promise._settlePromiseFromHandler (http://localhost:46207/__cypress/runner/cypress_runner.js:165351:31)\n    at Promise._settlePromise (http://localhost:46207/__cypress/runner/cypress_runner.js:165408:18)\n    at Promise._settlePromise0 (http://localhost:46207/__cypress/runner/cypress_runner.js:165453:10)\n    at Promise._settlePromises (http://localhost:46207/__cypress/runner/cypress_runner.js:165528:18)\n    at Async../node_modules/bluebird/js/release/async.js.Async._drainQueue (http://localhost:46207/__cypress/runner/cypress_runner.js:162140:16)\n    at Async../node_modules/bluebird/js/release/async.js.Async._drainQueues (http://localhost:46207/__cypress/runner/cypress_runner.js:162150:10)\n    at Async.drainQueues (http://localhost:46207/__cypress/runner/cypress_runner.js:162024:14)",
                "diff": null
              },
              "uuid": "630f38cd-7dc8-447b-a8ab-21d713f6221f",
              "parentUUID": "cebc362f-7c55-493a-9107-72942d723526",
              "isHook": false,
              "skipped": false
            }
          ],
          "suites": [],
          "passes": [],
          "failures": [
            "f9b399db-937c-4d3b-969d-889bc61b3c2d",
            "d70af28e-24c4-4b5e-b348-f06168226e72",
            "d6bed484-5a6c-494a-8995-5f90e336f8bd",
            "428c6dfc-bd94-46b2-8386-ad8cd5dbba03",
            "c823027a-4a7f-4ff6-8da9-79dbd6bb6f17",
            "6a00269c-6a39-496f-ab0a-9e15906a590e",
            "0bcaae1e-e4c2-45d0-8fb9-c6d5bab5ad81",
            "b82492e5-ff08-4638-9815-1113b28503b8",
            "630f38cd-7dc8-447b-a8ab-21d713f6221f"
          ],
          "pending": [],
          "skipped": [],
          "duration": 39362,
          "root": false,
          "rootEmpty": false,
          "_timeout": 2000
        },
        {
          "uuid": "e3116df1-31ef-4cb6-aba2-33570b78b2ff",
          "title": "11 - Limite o tamanho mínimo e máximo do board.",
          "fullFile": "",
          "file": "",
          "beforeHooks": [],
          "afterHooks": [],
          "tests": [
            {
              "title": "Verifica se a altura máxima do board é 50",
              "fullTitle": "11 - Limite o tamanho mínimo e máximo do board. Verifica se a altura máxima do board é 50",
              "timedOut": null,
              "duration": 4510,
              "state": "failed",
              "speed": null,
              "pass": false,
              "fail": true,
              "pending": false,
              "context": null,
              "code": "cy.get('#board-size').clear().type(50);\ncy.get('#generate-board').click();\ncy.get('.pixel').should('have.length', 2500);",
              "err": {
                "message": "CypressError: Timed out retrying: Expected to find element: '#board-size', but never found it.",
                "estack": "CypressError: Timed out retrying: Expected to find element: '#board-size', but never found it.\n    at cypressErr (http://localhost:46207/__cypress/runner/cypress_runner.js:149934:9)\n    at throwErr (http://localhost:46207/__cypress/runner/cypress_runner.js:149867:11)\n    at Object.throwErrByPath (http://localhost:46207/__cypress/runner/cypress_runner.js:149915:3)\n    at retry (http://localhost:46207/__cypress/runner/cypress_runner.js:144197:19)\n    at onFailFn (http://localhost:46207/__cypress/runner/cypress_runner.js:132448:16)\n    at tryCatcher (http://localhost:46207/__cypress/runner/cypress_runner.js:167415:23)\n    at Promise._settlePromiseFromHandler (http://localhost:46207/__cypress/runner/cypress_runner.js:165351:31)\n    at Promise._settlePromise (http://localhost:46207/__cypress/runner/cypress_runner.js:165408:18)\n    at Promise._settlePromise0 (http://localhost:46207/__cypress/runner/cypress_runner.js:165453:10)\n    at Promise._settlePromises (http://localhost:46207/__cypress/runner/cypress_runner.js:165528:18)\n    at Async../node_modules/bluebird/js/release/async.js.Async._drainQueue (http://localhost:46207/__cypress/runner/cypress_runner.js:162140:16)\n    at Async../node_modules/bluebird/js/release/async.js.Async._drainQueues (http://localhost:46207/__cypress/runner/cypress_runner.js:162150:10)\n    at Async.drainQueues (http://localhost:46207/__cypress/runner/cypress_runner.js:162024:14)",
                "diff": null
              },
              "uuid": "5b57227f-3a10-45c0-a7dd-adc56350db22",
              "parentUUID": "e3116df1-31ef-4cb6-aba2-33570b78b2ff",
              "isHook": false,
              "skipped": false
            },
            {
              "title": "Verifica se a altura do board é 5 quando um valor menor é colocado no input",
              "fullTitle": "11 - Limite o tamanho mínimo e máximo do board. Verifica se a altura do board é 5 quando um valor menor é colocado no input",
              "timedOut": null,
              "duration": 4385,
              "state": "failed",
              "speed": null,
              "pass": false,
              "fail": true,
              "pending": false,
              "context": null,
              "code": "cy.get('#board-size').clear().type(4);\ncy.get('#generate-board').click();\ncy.get('.pixel').should('have.length', 25);",
              "err": {
                "message": "CypressError: Timed out retrying: Expected to find element: '#board-size', but never found it.",
                "estack": "CypressError: Timed out retrying: Expected to find element: '#board-size', but never found it.\n    at cypressErr (http://localhost:46207/__cypress/runner/cypress_runner.js:149934:9)\n    at throwErr (http://localhost:46207/__cypress/runner/cypress_runner.js:149867:11)\n    at Object.throwErrByPath (http://localhost:46207/__cypress/runner/cypress_runner.js:149915:3)\n    at retry (http://localhost:46207/__cypress/runner/cypress_runner.js:144197:19)\n    at onFailFn (http://localhost:46207/__cypress/runner/cypress_runner.js:132448:16)\n    at tryCatcher (http://localhost:46207/__cypress/runner/cypress_runner.js:167415:23)\n    at Promise._settlePromiseFromHandler (http://localhost:46207/__cypress/runner/cypress_runner.js:165351:31)\n    at Promise._settlePromise (http://localhost:46207/__cypress/runner/cypress_runner.js:165408:18)\n    at Promise._settlePromise0 (http://localhost:46207/__cypress/runner/cypress_runner.js:165453:10)\n    at Promise._settlePromises (http://localhost:46207/__cypress/runner/cypress_runner.js:165528:18)\n    at Async../node_modules/bluebird/js/release/async.js.Async._drainQueue (http://localhost:46207/__cypress/runner/cypress_runner.js:162140:16)\n    at Async../node_modules/bluebird/js/release/async.js.Async._drainQueues (http://localhost:46207/__cypress/runner/cypress_runner.js:162150:10)\n    at Async.drainQueues (http://localhost:46207/__cypress/runner/cypress_runner.js:162024:14)",
                "diff": null
              },
              "uuid": "d66d6773-30c0-4569-8f4c-784ad0a5cb2d",
              "parentUUID": "e3116df1-31ef-4cb6-aba2-33570b78b2ff",
              "isHook": false,
              "skipped": false
            },
            {
              "title": "Verifica se a altura do board é 50 quando um valor maior é colocado no input",
              "fullTitle": "11 - Limite o tamanho mínimo e máximo do board. Verifica se a altura do board é 50 quando um valor maior é colocado no input",
              "timedOut": null,
              "duration": 4284,
              "state": "failed",
              "speed": null,
              "pass": false,
              "fail": true,
              "pending": false,
              "context": null,
              "code": "cy.get('#board-size').clear().type(51);\ncy.get('#generate-board').click();\ncy.get('.pixel').should('have.length', 2500);",
              "err": {
                "message": "CypressError: Timed out retrying: Expected to find element: '#board-size', but never found it.",
                "estack": "CypressError: Timed out retrying: Expected to find element: '#board-size', but never found it.\n    at cypressErr (http://localhost:46207/__cypress/runner/cypress_runner.js:149934:9)\n    at throwErr (http://localhost:46207/__cypress/runner/cypress_runner.js:149867:11)\n    at Object.throwErrByPath (http://localhost:46207/__cypress/runner/cypress_runner.js:149915:3)\n    at retry (http://localhost:46207/__cypress/runner/cypress_runner.js:144197:19)\n    at onFailFn (http://localhost:46207/__cypress/runner/cypress_runner.js:132448:16)\n    at tryCatcher (http://localhost:46207/__cypress/runner/cypress_runner.js:167415:23)\n    at Promise._settlePromiseFromHandler (http://localhost:46207/__cypress/runner/cypress_runner.js:165351:31)\n    at Promise._settlePromise (http://localhost:46207/__cypress/runner/cypress_runner.js:165408:18)\n    at Promise._settlePromise0 (http://localhost:46207/__cypress/runner/cypress_runner.js:165453:10)\n    at Promise._settlePromises (http://localhost:46207/__cypress/runner/cypress_runner.js:165528:18)\n    at Async../node_modules/bluebird/js/release/async.js.Async._drainQueue (http://localhost:46207/__cypress/runner/cypress_runner.js:162140:16)\n    at Async../node_modules/bluebird/js/release/async.js.Async._drainQueues (http://localhost:46207/__cypress/runner/cypress_runner.js:162150:10)\n    at Async.drainQueues (http://localhost:46207/__cypress/runner/cypress_runner.js:162024:14)",
                "diff": null
              },
              "uuid": "3af13a95-c0ca-4286-a1cb-bc2ca4f96b81",
              "parentUUID": "e3116df1-31ef-4cb6-aba2-33570b78b2ff",
              "isHook": false,
              "skipped": false
            }
          ],
          "suites": [],
          "passes": [],
          "failures": [
            "5b57227f-3a10-45c0-a7dd-adc56350db22",
            "d66d6773-30c0-4569-8f4c-784ad0a5cb2d",
            "3af13a95-c0ca-4286-a1cb-bc2ca4f96b81"
          ],
          "pending": [],
          "skipped": [],
          "duration": 13179,
          "root": false,
          "rootEmpty": false,
          "_timeout": 2000
        },
        {
          "uuid": "35c4b0cb-a389-42da-a37c-19586a99c0a6",
          "title": "12 - Faça com que as cores da paleta sejam geradas aleatoriamente ao carregar a página.",
          "fullFile": "",
          "file": "",
          "beforeHooks": [],
          "afterHooks": [],
          "tests": [
            {
              "title": "Verifica se as cores geradas na paleta são diferentes a cada carregamento da página",
              "fullTitle": "12 - Faça com que as cores da paleta sejam geradas aleatoriamente ao carregar a página. Verifica se as cores geradas na paleta são diferentes a cada carregamento da página",
              "timedOut": null,
              "duration": 4407,
              "state": "failed",
              "speed": null,
              "pass": false,
              "fail": true,
              "pending": false,
              "context": null,
              "code": "cy.get('.color').then(function (colors) {\n  var currentColors;\n  var previousColors;\n  previousColors = Array.from(colors).map(function (color) {\n    return Cypress.$(color).css('background-color');\n  });\n  for (var i = 0; i < 5; i += 1) {\n    cy.reload();\n    cy.get('.color').then(function (colors) {\n      currentColors = Array.from(colors).map(function (color) {\n        return Cypress.$(color).css('background-color');\n      });\n      expect(currentColors).not.to.deep.equal(previousColors);\n      previousColors = currentColors;\n    });\n  }\n});",
              "err": {
                "message": "CypressError: Timed out retrying: Expected to find element: '.color', but never found it.",
                "estack": "CypressError: Timed out retrying: Expected to find element: '.color', but never found it.\n    at cypressErr (http://localhost:46207/__cypress/runner/cypress_runner.js:149934:9)\n    at throwErr (http://localhost:46207/__cypress/runner/cypress_runner.js:149867:11)\n    at Object.throwErrByPath (http://localhost:46207/__cypress/runner/cypress_runner.js:149915:3)\n    at retry (http://localhost:46207/__cypress/runner/cypress_runner.js:144197:19)\n    at onFailFn (http://localhost:46207/__cypress/runner/cypress_runner.js:132448:16)\n    at tryCatcher (http://localhost:46207/__cypress/runner/cypress_runner.js:167415:23)\n    at Promise._settlePromiseFromHandler (http://localhost:46207/__cypress/runner/cypress_runner.js:165351:31)\n    at Promise._settlePromise (http://localhost:46207/__cypress/runner/cypress_runner.js:165408:18)\n    at Promise._settlePromise0 (http://localhost:46207/__cypress/runner/cypress_runner.js:165453:10)\n    at Promise._settlePromises (http://localhost:46207/__cypress/runner/cypress_runner.js:165528:18)\n    at Async../node_modules/bluebird/js/release/async.js.Async._drainQueue (http://localhost:46207/__cypress/runner/cypress_runner.js:162140:16)\n    at Async../node_modules/bluebird/js/release/async.js.Async._drainQueues (http://localhost:46207/__cypress/runner/cypress_runner.js:162150:10)\n    at Async.drainQueues (http://localhost:46207/__cypress/runner/cypress_runner.js:162024:14)",
                "diff": null
              },
              "uuid": "c42d312b-fe8e-4d31-87fe-436564f18725",
              "parentUUID": "35c4b0cb-a389-42da-a37c-19586a99c0a6",
              "isHook": false,
              "skipped": false
            },
            {
              "title": "Verifica se a cor preta ainda está presente e é a primeira na sua paleta de cores",
              "fullTitle": "12 - Faça com que as cores da paleta sejam geradas aleatoriamente ao carregar a página. Verifica se a cor preta ainda está presente e é a primeira na sua paleta de cores",
              "timedOut": null,
              "duration": 4515,
              "state": "failed",
              "speed": null,
              "pass": false,
              "fail": true,
              "pending": false,
              "context": null,
              "code": "cy.get('.color').then(function (colors) {\n  var currentColors;\n  var previousColors;\n  previousColors = Array.from(colors).map(function (color) {\n    return Cypress.$(color).css('background-color');\n  });\n  expect(previousColors[0]).to.eq(BLACK);\n  for (var i = 0; i < 5; i += 1) {\n    cy.reload();\n    cy.get('.color').then(function (colors) {\n      currentColors = Array.from(colors).map(function (color) {\n        return Cypress.$(color).css('background-color');\n      });\n      expect(currentColors[0]).to.eq(BLACK);\n      expect(currentColors).not.to.deep.equal(previousColors);\n      previousColors = currentColors;\n    });\n  }\n});",
              "err": {
                "message": "CypressError: Timed out retrying: Expected to find element: '.color', but never found it.",
                "estack": "CypressError: Timed out retrying: Expected to find element: '.color', but never found it.\n    at cypressErr (http://localhost:46207/__cypress/runner/cypress_runner.js:149934:9)\n    at throwErr (http://localhost:46207/__cypress/runner/cypress_runner.js:149867:11)\n    at Object.throwErrByPath (http://localhost:46207/__cypress/runner/cypress_runner.js:149915:3)\n    at retry (http://localhost:46207/__cypress/runner/cypress_runner.js:144197:19)\n    at onFailFn (http://localhost:46207/__cypress/runner/cypress_runner.js:132448:16)\n    at tryCatcher (http://localhost:46207/__cypress/runner/cypress_runner.js:167415:23)\n    at Promise._settlePromiseFromHandler (http://localhost:46207/__cypress/runner/cypress_runner.js:165351:31)\n    at Promise._settlePromise (http://localhost:46207/__cypress/runner/cypress_runner.js:165408:18)\n    at Promise._settlePromise0 (http://localhost:46207/__cypress/runner/cypress_runner.js:165453:10)\n    at Promise._settlePromises (http://localhost:46207/__cypress/runner/cypress_runner.js:165528:18)\n    at Async../node_modules/bluebird/js/release/async.js.Async._drainQueue (http://localhost:46207/__cypress/runner/cypress_runner.js:162140:16)\n    at Async../node_modules/bluebird/js/release/async.js.Async._drainQueues (http://localhost:46207/__cypress/runner/cypress_runner.js:162150:10)\n    at Async.drainQueues (http://localhost:46207/__cypress/runner/cypress_runner.js:162024:14)",
                "diff": null
              },
              "uuid": "54c4d7dc-0d2d-404b-ae9d-9a739e2a0bba",
              "parentUUID": "35c4b0cb-a389-42da-a37c-19586a99c0a6",
              "isHook": false,
              "skipped": false
            }
          ],
          "suites": [],
          "passes": [],
          "failures": [
            "c42d312b-fe8e-4d31-87fe-436564f18725",
            "54c4d7dc-0d2d-404b-ae9d-9a739e2a0bba"
          ],
          "pending": [],
          "skipped": [],
          "duration": 8922,
          "root": false,
          "rootEmpty": false,
          "_timeout": 2000
        }
      ],
      "passes": [],
      "failures": [],
      "pending": [],
      "skipped": [],
      "duration": 0,
      "root": true,
      "rootEmpty": true,
      "_timeout": 2000
    }
  ],
  "meta": {
    "mocha": {
      "version": "7.0.1"
    },
    "mochawesome": {
      "options": {
        "quiet": false,
        "reportFilename": "mochawesome",
        "saveHtml": false,
        "saveJson": true,
        "consoleReporter": "spec",
        "useInlineDiffs": false
      },
      "version": "4.1.0"
    },
    "marge": {
      "options": {
        "id": "default",
        "reportDir": "cypress/reports",
        "overwrite": true,
        "html": false,
        "json": true
      },
      "version": "4.1.0"
    }
  }
}